---
  0 debug pnpm:scope: 
    selected: 1
    workspacePrefix: null
  1 info pnpm: 
    message: "A store server is running. All store manipulations are delegated to it."
    prefix: "/app"
  2 debug pnpm:package-json: 
    initial: 
      name: "whatsapp_js_ci4camp"
      version: "1.0.0"
      description: ""
      main: "app.js"
      scripts: 
        start: "node app.js"
        start:dev: "nodemon app.js"
        test: "echo \"Error: no test specified\" && exit 1"
      keywords: []
      author: ""
      license: "ISC"
      dependencies: 
        @types/set-tz: "^0.2.0"
        axios: "^0.26.1"
        body-parser: "^1.20.0"
        cors: "^2.8.5"
        express: "^4.17.3"
        express-fileupload: "^1.3.1"
        express-validator: "^6.14.0"
        node-cron: "^3.0.2"
        pm2: "^5.2.0"
        set-tz: "^0.2.0"
        socket.io: "^4.5.0"
        whatsapp-web.js: "^1.16.6"
      gitHead: "07b4737c2593f5fb2f1c63773e5b717b74cee3e7"
      readme: "ERROR: No README data found!"
      _id: "whatsapp_js_ci4camp@1.0.0"
    prefix: "/app"
  3 warn pnpm: 
    message: "Moving node-cron that was installed by a different package manager to \"node_modules/.ignored"
    prefix: "/app"
  4 error pnpm: 
    message: 
      errno: -39
      code: "ENOTEMPTY"
      syscall: "rename"
      path: "/rbd/pnpm-volume/2ea5fff1-772b-4d2f-893e-5c5f9ee0f96a/node_modules/node-cron"
      dest: "/rbd/pnpm-volume/2ea5fff1-772b-4d2f-893e-5c5f9ee0f96a/node_modules/.ignored/node-cron"
    err: 
      name: "Error"
      message: "ENOTEMPTY: directory not empty, rename '/rbd/pnpm-volume/2ea5fff1-772b-4d2f-893e-5c5f9ee0f96a/node_modules/node-cron' -> '/rbd/pnpm-volume/2ea5fff1-772b-4d2f-893e-5c5f9ee0f96a/node_modules/.ignored/node-cron'"
      code: "ENOTEMPTY"
      stack: "Error: ENOTEMPTY: directory not empty, rename '/rbd/pnpm-volume/2ea5fff1-772b-4d2f-893e-5c5f9ee0f96a/node_modules/node-cron' -> '/rbd/pnpm-volume/2ea5fff1-772b-4d2f-893e-5c5f9ee0f96a/node_modules/.ignored/node-cron'"
